<?xml version="1.0" encoding="UTF-8" ?>
<testsuite tests="1" failures="0" name="TestSuite" time="22.604" errors="0" skipped="0">
  <properties>
    <property name="java.runtime.name" value="Java(TM) SE Runtime Environment"/>
    <property name="sun.boot.library.path" value="C:\Program Files\Java\jdk1.8.0_45\jre\bin"/>
    <property name="java.vm.version" value="25.45-b02"/>
    <property name="java.vm.vendor" value="Oracle Corporation"/>
    <property name="java.vendor.url" value="http://java.oracle.com/"/>
    <property name="path.separator" value=";"/>
    <property name="java.vm.name" value="Java HotSpot(TM) 64-Bit Server VM"/>
    <property name="file.encoding.pkg" value="sun.io"/>
    <property name="user.script" value=""/>
    <property name="user.country" value="US"/>
    <property name="sun.java.launcher" value="SUN_STANDARD"/>
    <property name="sun.os.patch.level" value="Service Pack 1"/>
    <property name="java.vm.specification.name" value="Java Virtual Machine Specification"/>
    <property name="user.dir" value="C:\Users\syam.manela\Desktop\Praveen\UI Frameworks\apus-regression"/>
    <property name="java.runtime.version" value="1.8.0_45-b15"/>
    <property name="java.awt.graphicsenv" value="sun.awt.Win32GraphicsEnvironment"/>
    <property name="basedir" value="C:\Users\syam.manela\Desktop\Praveen\UI Frameworks\apus-regression"/>
    <property name="java.endorsed.dirs" value="C:\Program Files\Java\jdk1.8.0_45\jre\lib\endorsed"/>
    <property name="os.arch" value="amd64"/>
    <property name="surefire.real.class.path" value="C:\Users\SYAM~1.MAN\AppData\Local\Temp\surefirebooter8901900330815218003.jar"/>
    <property name="java.io.tmpdir" value="C:\Users\SYAM~1.MAN\AppData\Local\Temp\"/>
    <property name="line.separator" value="
"/>
    <property name="java.vm.specification.vendor" value="Oracle Corporation"/>
    <property name="user.variant" value=""/>
    <property name="os.name" value="Windows 7"/>
    <property name="sun.jnu.encoding" value="Cp1252"/>
    <property name="java.library.path" value="C:\Program Files\Java\jdk1.8.0_45\jre\bin;C:\Windows\Sun\Java\bin;C:\Windows\system32;C:\Windows;C:/Program Files/Java/jre1.8.0_45/bin/server;C:/Program Files/Java/jre1.8.0_45/bin;C:/Program Files/Java/jre1.8.0_45/lib/amd64;C:\ProgramData\Oracle\Java\javapath;C:\Program Files (x86)\AMD APP\bin\x86_64;C:\Program Files (x86)\AMD APP\bin\x86;C:\WINDOWS\system32;C:\WINDOWS;C:\WINDOWS\System32\Wbem;C:\WINDOWS\System32\WindowsPowerShell\v1.0\;C:\WINDOWS\tools;C:\Program Files (x86)\ATI Technologies\ATI.ACE\Core-Static;C:\apache-ant-1.8.4\bin;C:\Raisonance\Ride\bin;C:\Program Files\TortoiseSVN\bin;C:\eclipse;;."/>
    <property name="surefire.test.class.path" value="C:\Users\syam.manela\Desktop\Praveen\UI Frameworks\apus-regression\target\test-classes;C:\Users\syam.manela\Desktop\Praveen\UI Frameworks\apus-regression\target\classes;C:\Users\syam.manela\.m2\repository\com\sun\tools\btrace\btrace-agent\1.2\btrace-agent-1.2.jar;C:\Users\syam.manela\.m2\repository\org\seleniumhq\selenium\client-drivers\selenium-java-client-driver\1.0.2\selenium-java-client-driver-1.0.2.jar;C:\Users\syam.manela\.m2\repository\org\seleniumhq\selenium\selenium-java\2.46.0\selenium-java-2.46.0.jar;C:\Users\syam.manela\.m2\repository\org\seleniumhq\selenium\selenium-chrome-driver\2.46.0\selenium-chrome-driver-2.46.0.jar;C:\Users\syam.manela\.m2\repository\org\seleniumhq\selenium\selenium-remote-driver\2.46.0\selenium-remote-driver-2.46.0.jar;C:\Users\syam.manela\.m2\repository\cglib\cglib-nodep\2.1_3\cglib-nodep-2.1_3.jar;C:\Users\syam.manela\.m2\repository\com\google\code\gson\gson\2.3.1\gson-2.3.1.jar;C:\Users\syam.manela\.m2\repository\org\seleniumhq\selenium\selenium-api\2.46.0\selenium-api-2.46.0.jar;C:\Users\syam.manela\.m2\repository\com\google\guava\guava\18.0\guava-18.0.jar;C:\Users\syam.manela\.m2\repository\org\seleniumhq\selenium\selenium-htmlunit-driver\2.46.0\selenium-htmlunit-driver-2.46.0.jar;C:\Users\syam.manela\.m2\repository\net\sourceforge\htmlunit\htmlunit\2.17\htmlunit-2.17.jar;C:\Users\syam.manela\.m2\repository\xalan\xalan\2.7.2\xalan-2.7.2.jar;C:\Users\syam.manela\.m2\repository\xalan\serializer\2.7.2\serializer-2.7.2.jar;C:\Users\syam.manela\.m2\repository\org\apache\commons\commons-lang3\3.4\commons-lang3-3.4.jar;C:\Users\syam.manela\.m2\repository\org\apache\httpcomponents\httpmime\4.4.1\httpmime-4.4.1.jar;C:\Users\syam.manela\.m2\repository\net\sourceforge\htmlunit\htmlunit-core-js\2.17\htmlunit-core-js-2.17.jar;C:\Users\syam.manela\.m2\repository\net\sourceforge\nekohtml\nekohtml\1.9.22\nekohtml-1.9.22.jar;C:\Users\syam.manela\.m2\repository\net\sourceforge\cssparser\cssparser\0.9.16\cssparser-0.9.16.jar;C:\Users\syam.manela\.m2\repository\org\w3c\css\sac\1.3\sac-1.3.jar;C:\Users\syam.manela\.m2\repository\org\eclipse\jetty\websocket\websocket-client\9.2.11.v20150529\websocket-client-9.2.11.v20150529.jar;C:\Users\syam.manela\.m2\repository\org\eclipse\jetty\jetty-util\9.2.11.v20150529\jetty-util-9.2.11.v20150529.jar;C:\Users\syam.manela\.m2\repository\org\eclipse\jetty\jetty-io\9.2.11.v20150529\jetty-io-9.2.11.v20150529.jar;C:\Users\syam.manela\.m2\repository\org\eclipse\jetty\websocket\websocket-common\9.2.11.v20150529\websocket-common-9.2.11.v20150529.jar;C:\Users\syam.manela\.m2\repository\org\eclipse\jetty\websocket\websocket-api\9.2.11.v20150529\websocket-api-9.2.11.v20150529.jar;C:\Users\syam.manela\.m2\repository\org\apache\httpcomponents\httpclient\4.4.1\httpclient-4.4.1.jar;C:\Users\syam.manela\.m2\repository\org\apache\httpcomponents\httpcore\4.4.1\httpcore-4.4.1.jar;C:\Users\syam.manela\.m2\repository\org\seleniumhq\selenium\selenium-firefox-driver\2.46.0\selenium-firefox-driver-2.46.0.jar;C:\Users\syam.manela\.m2\repository\commons-io\commons-io\2.4\commons-io-2.4.jar;C:\Users\syam.manela\.m2\repository\org\apache\commons\commons-exec\1.3\commons-exec-1.3.jar;C:\Users\syam.manela\.m2\repository\org\seleniumhq\selenium\selenium-ie-driver\2.46.0\selenium-ie-driver-2.46.0.jar;C:\Users\syam.manela\.m2\repository\net\java\dev\jna\jna\4.1.0\jna-4.1.0.jar;C:\Users\syam.manela\.m2\repository\net\java\dev\jna\jna-platform\4.1.0\jna-platform-4.1.0.jar;C:\Users\syam.manela\.m2\repository\org\seleniumhq\selenium\selenium-safari-driver\2.46.0\selenium-safari-driver-2.46.0.jar;C:\Users\syam.manela\.m2\repository\org\seleniumhq\selenium\selenium-support\2.46.0\selenium-support-2.46.0.jar;C:\Users\syam.manela\.m2\repository\org\webbitserver\webbit\0.4.14\webbit-0.4.14.jar;C:\Users\syam.manela\.m2\repository\io\netty\netty\3.5.2.Final\netty-3.5.2.Final.jar;C:\Users\syam.manela\.m2\repository\org\seleniumhq\selenium\selenium-leg-rc\2.46.0\selenium-leg-rc-2.46.0.jar;C:\Users\syam.manela\.m2\repository\org\seleniumhq\selenium\selenium-server\2.46.0\selenium-server-2.46.0.jar;C:\Users\syam.manela\.m2\repository\org\bouncycastle\bcprov-jdk15on\1.48\bcprov-jdk15on-1.48.jar;C:\Users\syam.manela\.m2\repository\org\bouncycastle\bcpkix-jdk15on\1.48\bcpkix-jdk15on-1.48.jar;C:\Users\syam.manela\.m2\repository\mx4j\mx4j-tools\3.0.1\mx4j-tools-3.0.1.jar;C:\Users\syam.manela\.m2\repository\org\mortbay\jetty\servlet-api-2.5\6.1.9\servlet-api-2.5-6.1.9.jar;C:\Users\syam.manela\.m2\repository\org\seleniumhq\selenium\jetty-repacked\7.6.1\jetty-repacked-7.6.1.jar;C:\Users\syam.manela\.m2\repository\org\seleniumhq\selenium\jetty-rc-repacked\5\jetty-rc-repacked-5.jar;C:\Users\syam.manela\.m2\repository\net\jcip\jcip-annotations\1.0\jcip-annotations-1.0.jar;C:\Users\syam.manela\.m2\repository\org\yaml\snakeyaml\1.8\snakeyaml-1.8.jar;C:\Users\syam.manela\.m2\repository\commons-codec\commons-codec\1.10\commons-codec-1.10.jar;C:\Users\syam.manela\.m2\repository\org\testng\testng\6.4\testng-6.4.jar;C:\Users\syam.manela\.m2\repository\org\beanshell\bsh\2.0b4\bsh-2.0b4.jar;C:\Users\syam.manela\.m2\repository\com\beust\jcommander\1.12\jcommander-1.12.jar;C:\Users\syam.manela\.m2\repository\junit\junit\4.8.1\junit-4.8.1.jar;C:\Users\syam.manela\.m2\repository\org\apache\velocity\velocity\1.6.3\velocity-1.6.3.jar;C:\Users\syam.manela\.m2\repository\commons-lang\commons-lang\2.4\commons-lang-2.4.jar;C:\Users\syam.manela\.m2\repository\oro\oro\2.0.8\oro-2.0.8.jar;C:\Users\syam.manela\.m2\repository\commons-logging\commons-logging\1.1.1\commons-logging-1.1.1.jar;C:\Users\syam.manela\.m2\repository\log4j\log4j\1.2.14\log4j-1.2.14.jar;C:\Users\syam.manela\.m2\repository\org\easytesting\fest-swing-testng\1.2.1\fest-swing-testng-1.2.1.jar;C:\Users\syam.manela\.m2\repository\org\testng\testng\5.7\testng-5.7-jdk15.jar;C:\Users\syam.manela\.m2\repository\org\easytesting\fest-swing\1.2.1\fest-swing-1.2.1.jar;C:\Users\syam.manela\.m2\repository\org\easytesting\fest-assert\1.2\fest-assert-1.2.jar;C:\Users\syam.manela\.m2\repository\org\easytesting\fest-reflect\1.2\fest-reflect-1.2.jar;C:\Users\syam.manela\.m2\repository\org\easytesting\fest-util\1.1.3\fest-util-1.1.3.jar;C:\Users\syam.manela\.m2\repository\commons-collections\commons-collections\3.2.1\commons-collections-3.2.1.jar;C:\Users\syam.manela\.m2\repository\org\apache\poi\poi\3.9\poi-3.9.jar;C:\Users\syam.manela\.m2\repository\maven\dom4j\1.7-20060614\dom4j-1.7-20060614.jar;C:\Users\syam.manela\.m2\repository\jaxme\jaxme-api\0.3\jaxme-api-0.3.jar;C:\Users\syam.manela\.m2\repository\jaxen\jaxen\1.1-beta-8\jaxen-1.1-beta-8.jar;C:\Users\syam.manela\.m2\repository\dom4j\dom4j\1.6.1\dom4j-1.6.1.jar;C:\Users\syam.manela\.m2\repository\xml-apis\xml-apis\1.0.b2\xml-apis-1.0.b2.jar;C:\Users\syam.manela\.m2\repository\jdom\jdom\1.0\jdom-1.0.jar;C:\Users\syam.manela\.m2\repository\xerces\xmlParserAPIs\2.6.2\xmlParserAPIs-2.6.2.jar;C:\Users\syam.manela\.m2\repository\xerces\xercesImpl\2.6.2\xercesImpl-2.6.2.jar;C:\Users\syam.manela\.m2\repository\xom\xom\1.0b3\xom-1.0b3.jar;C:\Users\syam.manela\.m2\repository\com\ibm\icu\icu4j\2.6.1\icu4j-2.6.1.jar;C:\Users\syam.manela\.m2\repository\org\ccil\cowan\tagsoup\tagsoup\0.9.7\tagsoup-0.9.7.jar;C:\Users\syam.manela\.m2\repository\msv\xsdlib\20030807\xsdlib-20030807.jar;C:\Users\syam.manela\.m2\repository\msv\relaxngDatatype\20030807\relaxngDatatype-20030807.jar;C:\Users\syam.manela\.m2\repository\pull-parser\pull-parser\2.1.10\pull-parser-2.1.10.jar;C:\Users\syam.manela\.m2\repository\xpp3\xpp3\1.1.3.3\xpp3-1.1.3.3.jar;C:\Users\syam.manela\.m2\repository\stax\stax-api\1.0\stax-api-1.0.jar;C:\Users\syam.manela\.m2\repository\junitperf\junitperf\1.8\junitperf-1.8.jar;C:\Users\syam.manela\.m2\repository\net\sourceforge\jexcelapi\jxl\2.6.12\jxl-2.6.12.jar;C:\Users\syam.manela\.m2\repository\org\apache\pdfbox\pdfbox\1.8.10\pdfbox-1.8.10.jar;C:\Users\syam.manela\.m2\repository\org\apache\pdfbox\fontbox\1.8.10\fontbox-1.8.10.jar;C:\Users\syam.manela\.m2\repository\org\apache\pdfbox\jempbox\1.8.10\jempbox-1.8.10.jar;"/>
    <property name="java.specification.name" value="Java Platform API Specification"/>
    <property name="java.class.version" value="52.0"/>
    <property name="sun.management.compiler" value="HotSpot 64-Bit Tiered Compilers"/>
    <property name="os.version" value="6.1"/>
    <property name="user.home" value="C:\Users\syam.manela"/>
    <property name="user.timezone" value="Asia/Calcutta"/>
    <property name="java.awt.printerjob" value="sun.awt.windows.WPrinterJob"/>
    <property name="java.specification.version" value="1.8"/>
    <property name="file.encoding" value="Cp1252"/>
    <property name="user.name" value="Syam.Manela"/>
    <property name="java.class.path" value="C:\Users\syam.manela\Desktop\Praveen\UI Frameworks\apus-regression\target\test-classes;C:\Users\syam.manela\Desktop\Praveen\UI Frameworks\apus-regression\target\classes;C:\Users\syam.manela\.m2\repository\com\sun\tools\btrace\btrace-agent\1.2\btrace-agent-1.2.jar;C:\Users\syam.manela\.m2\repository\org\seleniumhq\selenium\client-drivers\selenium-java-client-driver\1.0.2\selenium-java-client-driver-1.0.2.jar;C:\Users\syam.manela\.m2\repository\org\seleniumhq\selenium\selenium-java\2.46.0\selenium-java-2.46.0.jar;C:\Users\syam.manela\.m2\repository\org\seleniumhq\selenium\selenium-chrome-driver\2.46.0\selenium-chrome-driver-2.46.0.jar;C:\Users\syam.manela\.m2\repository\org\seleniumhq\selenium\selenium-remote-driver\2.46.0\selenium-remote-driver-2.46.0.jar;C:\Users\syam.manela\.m2\repository\cglib\cglib-nodep\2.1_3\cglib-nodep-2.1_3.jar;C:\Users\syam.manela\.m2\repository\com\google\code\gson\gson\2.3.1\gson-2.3.1.jar;C:\Users\syam.manela\.m2\repository\org\seleniumhq\selenium\selenium-api\2.46.0\selenium-api-2.46.0.jar;C:\Users\syam.manela\.m2\repository\com\google\guava\guava\18.0\guava-18.0.jar;C:\Users\syam.manela\.m2\repository\org\seleniumhq\selenium\selenium-htmlunit-driver\2.46.0\selenium-htmlunit-driver-2.46.0.jar;C:\Users\syam.manela\.m2\repository\net\sourceforge\htmlunit\htmlunit\2.17\htmlunit-2.17.jar;C:\Users\syam.manela\.m2\repository\xalan\xalan\2.7.2\xalan-2.7.2.jar;C:\Users\syam.manela\.m2\repository\xalan\serializer\2.7.2\serializer-2.7.2.jar;C:\Users\syam.manela\.m2\repository\org\apache\commons\commons-lang3\3.4\commons-lang3-3.4.jar;C:\Users\syam.manela\.m2\repository\org\apache\httpcomponents\httpmime\4.4.1\httpmime-4.4.1.jar;C:\Users\syam.manela\.m2\repository\net\sourceforge\htmlunit\htmlunit-core-js\2.17\htmlunit-core-js-2.17.jar;C:\Users\syam.manela\.m2\repository\net\sourceforge\nekohtml\nekohtml\1.9.22\nekohtml-1.9.22.jar;C:\Users\syam.manela\.m2\repository\net\sourceforge\cssparser\cssparser\0.9.16\cssparser-0.9.16.jar;C:\Users\syam.manela\.m2\repository\org\w3c\css\sac\1.3\sac-1.3.jar;C:\Users\syam.manela\.m2\repository\org\eclipse\jetty\websocket\websocket-client\9.2.11.v20150529\websocket-client-9.2.11.v20150529.jar;C:\Users\syam.manela\.m2\repository\org\eclipse\jetty\jetty-util\9.2.11.v20150529\jetty-util-9.2.11.v20150529.jar;C:\Users\syam.manela\.m2\repository\org\eclipse\jetty\jetty-io\9.2.11.v20150529\jetty-io-9.2.11.v20150529.jar;C:\Users\syam.manela\.m2\repository\org\eclipse\jetty\websocket\websocket-common\9.2.11.v20150529\websocket-common-9.2.11.v20150529.jar;C:\Users\syam.manela\.m2\repository\org\eclipse\jetty\websocket\websocket-api\9.2.11.v20150529\websocket-api-9.2.11.v20150529.jar;C:\Users\syam.manela\.m2\repository\org\apache\httpcomponents\httpclient\4.4.1\httpclient-4.4.1.jar;C:\Users\syam.manela\.m2\repository\org\apache\httpcomponents\httpcore\4.4.1\httpcore-4.4.1.jar;C:\Users\syam.manela\.m2\repository\org\seleniumhq\selenium\selenium-firefox-driver\2.46.0\selenium-firefox-driver-2.46.0.jar;C:\Users\syam.manela\.m2\repository\commons-io\commons-io\2.4\commons-io-2.4.jar;C:\Users\syam.manela\.m2\repository\org\apache\commons\commons-exec\1.3\commons-exec-1.3.jar;C:\Users\syam.manela\.m2\repository\org\seleniumhq\selenium\selenium-ie-driver\2.46.0\selenium-ie-driver-2.46.0.jar;C:\Users\syam.manela\.m2\repository\net\java\dev\jna\jna\4.1.0\jna-4.1.0.jar;C:\Users\syam.manela\.m2\repository\net\java\dev\jna\jna-platform\4.1.0\jna-platform-4.1.0.jar;C:\Users\syam.manela\.m2\repository\org\seleniumhq\selenium\selenium-safari-driver\2.46.0\selenium-safari-driver-2.46.0.jar;C:\Users\syam.manela\.m2\repository\org\seleniumhq\selenium\selenium-support\2.46.0\selenium-support-2.46.0.jar;C:\Users\syam.manela\.m2\repository\org\webbitserver\webbit\0.4.14\webbit-0.4.14.jar;C:\Users\syam.manela\.m2\repository\io\netty\netty\3.5.2.Final\netty-3.5.2.Final.jar;C:\Users\syam.manela\.m2\repository\org\seleniumhq\selenium\selenium-leg-rc\2.46.0\selenium-leg-rc-2.46.0.jar;C:\Users\syam.manela\.m2\repository\org\seleniumhq\selenium\selenium-server\2.46.0\selenium-server-2.46.0.jar;C:\Users\syam.manela\.m2\repository\org\bouncycastle\bcprov-jdk15on\1.48\bcprov-jdk15on-1.48.jar;C:\Users\syam.manela\.m2\repository\org\bouncycastle\bcpkix-jdk15on\1.48\bcpkix-jdk15on-1.48.jar;C:\Users\syam.manela\.m2\repository\mx4j\mx4j-tools\3.0.1\mx4j-tools-3.0.1.jar;C:\Users\syam.manela\.m2\repository\org\mortbay\jetty\servlet-api-2.5\6.1.9\servlet-api-2.5-6.1.9.jar;C:\Users\syam.manela\.m2\repository\org\seleniumhq\selenium\jetty-repacked\7.6.1\jetty-repacked-7.6.1.jar;C:\Users\syam.manela\.m2\repository\org\seleniumhq\selenium\jetty-rc-repacked\5\jetty-rc-repacked-5.jar;C:\Users\syam.manela\.m2\repository\net\jcip\jcip-annotations\1.0\jcip-annotations-1.0.jar;C:\Users\syam.manela\.m2\repository\org\yaml\snakeyaml\1.8\snakeyaml-1.8.jar;C:\Users\syam.manela\.m2\repository\commons-codec\commons-codec\1.10\commons-codec-1.10.jar;C:\Users\syam.manela\.m2\repository\org\testng\testng\6.4\testng-6.4.jar;C:\Users\syam.manela\.m2\repository\org\beanshell\bsh\2.0b4\bsh-2.0b4.jar;C:\Users\syam.manela\.m2\repository\com\beust\jcommander\1.12\jcommander-1.12.jar;C:\Users\syam.manela\.m2\repository\junit\junit\4.8.1\junit-4.8.1.jar;C:\Users\syam.manela\.m2\repository\org\apache\velocity\velocity\1.6.3\velocity-1.6.3.jar;C:\Users\syam.manela\.m2\repository\commons-lang\commons-lang\2.4\commons-lang-2.4.jar;C:\Users\syam.manela\.m2\repository\oro\oro\2.0.8\oro-2.0.8.jar;C:\Users\syam.manela\.m2\repository\commons-logging\commons-logging\1.1.1\commons-logging-1.1.1.jar;C:\Users\syam.manela\.m2\repository\log4j\log4j\1.2.14\log4j-1.2.14.jar;C:\Users\syam.manela\.m2\repository\org\easytesting\fest-swing-testng\1.2.1\fest-swing-testng-1.2.1.jar;C:\Users\syam.manela\.m2\repository\org\testng\testng\5.7\testng-5.7-jdk15.jar;C:\Users\syam.manela\.m2\repository\org\easytesting\fest-swing\1.2.1\fest-swing-1.2.1.jar;C:\Users\syam.manela\.m2\repository\org\easytesting\fest-assert\1.2\fest-assert-1.2.jar;C:\Users\syam.manela\.m2\repository\org\easytesting\fest-reflect\1.2\fest-reflect-1.2.jar;C:\Users\syam.manela\.m2\repository\org\easytesting\fest-util\1.1.3\fest-util-1.1.3.jar;C:\Users\syam.manela\.m2\repository\commons-collections\commons-collections\3.2.1\commons-collections-3.2.1.jar;C:\Users\syam.manela\.m2\repository\org\apache\poi\poi\3.9\poi-3.9.jar;C:\Users\syam.manela\.m2\repository\maven\dom4j\1.7-20060614\dom4j-1.7-20060614.jar;C:\Users\syam.manela\.m2\repository\jaxme\jaxme-api\0.3\jaxme-api-0.3.jar;C:\Users\syam.manela\.m2\repository\jaxen\jaxen\1.1-beta-8\jaxen-1.1-beta-8.jar;C:\Users\syam.manela\.m2\repository\dom4j\dom4j\1.6.1\dom4j-1.6.1.jar;C:\Users\syam.manela\.m2\repository\xml-apis\xml-apis\1.0.b2\xml-apis-1.0.b2.jar;C:\Users\syam.manela\.m2\repository\jdom\jdom\1.0\jdom-1.0.jar;C:\Users\syam.manela\.m2\repository\xerces\xmlParserAPIs\2.6.2\xmlParserAPIs-2.6.2.jar;C:\Users\syam.manela\.m2\repository\xerces\xercesImpl\2.6.2\xercesImpl-2.6.2.jar;C:\Users\syam.manela\.m2\repository\xom\xom\1.0b3\xom-1.0b3.jar;C:\Users\syam.manela\.m2\repository\com\ibm\icu\icu4j\2.6.1\icu4j-2.6.1.jar;C:\Users\syam.manela\.m2\repository\org\ccil\cowan\tagsoup\tagsoup\0.9.7\tagsoup-0.9.7.jar;C:\Users\syam.manela\.m2\repository\msv\xsdlib\20030807\xsdlib-20030807.jar;C:\Users\syam.manela\.m2\repository\msv\relaxngDatatype\20030807\relaxngDatatype-20030807.jar;C:\Users\syam.manela\.m2\repository\pull-parser\pull-parser\2.1.10\pull-parser-2.1.10.jar;C:\Users\syam.manela\.m2\repository\xpp3\xpp3\1.1.3.3\xpp3-1.1.3.3.jar;C:\Users\syam.manela\.m2\repository\stax\stax-api\1.0\stax-api-1.0.jar;C:\Users\syam.manela\.m2\repository\junitperf\junitperf\1.8\junitperf-1.8.jar;C:\Users\syam.manela\.m2\repository\net\sourceforge\jexcelapi\jxl\2.6.12\jxl-2.6.12.jar;C:\Users\syam.manela\.m2\repository\org\apache\pdfbox\pdfbox\1.8.10\pdfbox-1.8.10.jar;C:\Users\syam.manela\.m2\repository\org\apache\pdfbox\fontbox\1.8.10\fontbox-1.8.10.jar;C:\Users\syam.manela\.m2\repository\org\apache\pdfbox\jempbox\1.8.10\jempbox-1.8.10.jar;"/>
    <property name="java.vm.specification.version" value="1.8"/>
    <property name="sun.arch.data.model" value="64"/>
    <property name="java.home" value="C:\Program Files\Java\jdk1.8.0_45\jre"/>
    <property name="sun.java.command" value="C:\Users\SYAM~1.MAN\AppData\Local\Temp\surefirebooter8901900330815218003.jar C:\Users\SYAM~1.MAN\AppData\Local\Temp\surefire3909992759383349250tmp C:\Users\SYAM~1.MAN\AppData\Local\Temp\surefire3034208089830943315tmp"/>
    <property name="java.specification.vendor" value="Oracle Corporation"/>
    <property name="user.language" value="en"/>
    <property name="awt.toolkit" value="sun.awt.windows.WToolkit"/>
    <property name="java.vm.info" value="mixed mode"/>
    <property name="java.version" value="1.8.0_45"/>
    <property name="java.ext.dirs" value="C:\Program Files\Java\jdk1.8.0_45\jre\lib\ext;C:\Windows\Sun\Java\lib\ext"/>
    <property name="sun.boot.class.path" value="C:\Program Files\Java\jdk1.8.0_45\jre\lib\resources.jar;C:\Program Files\Java\jdk1.8.0_45\jre\lib\rt.jar;C:\Program Files\Java\jdk1.8.0_45\jre\lib\sunrsasign.jar;C:\Program Files\Java\jdk1.8.0_45\jre\lib\jsse.jar;C:\Program Files\Java\jdk1.8.0_45\jre\lib\jce.jar;C:\Program Files\Java\jdk1.8.0_45\jre\lib\charsets.jar;C:\Program Files\Java\jdk1.8.0_45\jre\lib\jfr.jar;C:\Program Files\Java\jdk1.8.0_45\jre\classes"/>
    <property name="java.vendor" value="Oracle Corporation"/>
    <property name="localRepository" value="C:\Users\syam.manela\.m2\repository"/>
    <property name="file.separator" value="\"/>
    <property name="java.vendor.url.bug" value="http://bugreport.sun.com/bugreport/"/>
    <property name="sun.cpu.endian" value="little"/>
    <property name="sun.io.unicode.encoding" value="UnicodeLittle"/>
    <property name="sun.desktop" value="windows"/>
    <property name="sun.cpu.isalist" value="amd64"/>
  </properties>
  <testcase classname="com.dt.rts.ca.Regression.HomePageLogin" name="RtsLogin" time="2.8"/>
</testsuite>